SF:lib\launch_information\bloc\information_bloc.dart
DA:16,1
DA:18,1
DA:20,2
DA:26,1
DA:30,1
DA:33,1
DA:37,3
DA:38,3
DA:39,3
DA:40,3
DA:42,4
DA:43,3
DA:44,1
DA:45,1
DA:46,1
LF:15
LH:15
end_of_record
SF:lib\launch_information\bloc\information_event.dart
DA:5,1
DA:17,1
DA:20,1
DA:21,4
LF:4
LH:4
end_of_record
SF:lib\launch_information\bloc\information_state.dart
DA:10,2
DA:17,1
DA:23,1
DA:24,1
DA:25,1
DA:26,1
DA:27,0
DA:31,1
DA:32,1
DA:33,1
DA:34,1
DA:35,1
DA:36,1
LF:13
LH:12
end_of_record
SF:lib\launch_information\models\crew_model.dart
DA:8,0
DA:14,0
DA:15,0
DA:16,0
DA:17,0
DA:22,0
DA:23,0
DA:24,0
DA:25,0
DA:26,0
LF:10
LH:0
end_of_record
SF:lib\launch_information\models\launchpad_model.dart
DA:9,2
DA:15,0
DA:16,0
DA:17,0
DA:18,0
DA:19,0
DA:23,1
DA:24,1
DA:25,1
DA:26,1
DA:27,1
LF:11
LH:6
end_of_record
SF:lib\launch_information\models\rocket_model.dart
DA:8,2
DA:15,0
DA:16,0
DA:17,0
DA:18,0
DA:19,0
DA:23,1
DA:24,1
DA:25,1
DA:26,1
DA:27,1
LF:11
LH:6
end_of_record
SF:lib\launch_information\repository\provider.dart
DA:5,0
DA:6,0
DA:7,0
DA:16,0
DA:17,0
DA:18,0
DA:27,0
DA:28,0
DA:29,0
LF:9
LH:0
end_of_record
SF:lib\launch_information\repository\repository.dart
DA:15,0
DA:17,0
DA:18,0
DA:19,0
DA:29,0
DA:30,0
DA:31,0
DA:33,0
DA:34,0
DA:35,0
DA:36,0
DA:47,0
DA:49,0
DA:50,0
DA:51,0
LF:15
LH:0
end_of_record
SF:lib\homepage\repository\provider.dart
DA:5,0
DA:6,0
DA:7,0
LF:3
LH:0
end_of_record
SF:lib\homepage\repository\repository.dart
DA:11,0
DA:12,0
DA:13,0
DA:14,0
DA:15,0
DA:16,0
LF:6
LH:0
end_of_record
SF:lib\homepage\bloc\launch_event.dart
DA:5,1
DA:9,1
LF:2
LH:2
end_of_record
SF:lib\homepage\bloc\launch_state.dart
DA:8,2
DA:13,1
DA:17,1
DA:18,1
DA:19,1
DA:23,1
DA:24,1
DA:25,1
DA:26,1
LF:9
LH:9
end_of_record
SF:lib\homepage\bloc\launch_bloc.dart
DA:12,2
DA:13,2
DA:16,1
DA:20,1
DA:23,1
DA:24,3
DA:25,2
DA:26,3
LF:8
LH:8
end_of_record
SF:lib\homepage\models\launch_model.dart
DA:11,1
DA:20,0
DA:21,0
DA:22,0
DA:23,0
DA:24,0
DA:25,0
DA:26,0
DA:27,0
DA:28,0
DA:32,1
DA:33,1
DA:34,1
DA:35,1
DA:36,1
DA:37,1
DA:38,1
DA:39,1
LF:18
LH:9
end_of_record
