SF:lib\API\data_repository.dart
DA:14,0
DA:15,0
DA:16,0
DA:17,0
DA:18,0
DA:19,0
DA:30,0
DA:32,0
DA:33,0
DA:34,0
DA:44,0
DA:45,0
DA:46,0
DA:48,0
DA:49,0
DA:50,0
DA:51,0
DA:62,0
DA:64,0
DA:65,0
DA:66,0
LF:21
LH:0
end_of_record
SF:lib\bloc\launch_bloc\launch_event.dart
DA:5,1
DA:9,1
LF:2
LH:2
end_of_record
SF:lib\bloc\launch_bloc\launch_state.dart
DA:8,2
DA:13,1
DA:17,1
DA:18,1
DA:19,0
DA:23,1
DA:24,1
DA:25,1
DA:26,1
LF:9
LH:8
end_of_record
SF:lib\bloc\launch_bloc\launch_bloc.dart
DA:12,2
DA:13,2
DA:16,1
DA:20,1
DA:23,1
DA:24,3
DA:25,2
DA:26,3
LF:8
LH:8
end_of_record
SF:lib\model\launch_model.dart
DA:9,1
DA:18,0
DA:19,0
DA:20,0
DA:21,0
DA:22,0
DA:23,0
DA:24,0
DA:25,0
DA:26,0
LF:10
LH:1
end_of_record
SF:lib\API\data_provider.dart
DA:5,0
DA:6,0
DA:7,0
DA:16,0
DA:17,0
DA:18,0
DA:27,0
DA:28,0
DA:29,0
DA:38,0
DA:39,0
DA:40,0
LF:12
LH:0
end_of_record
SF:lib\model\crew_model.dart
DA:6,0
DA:12,0
DA:13,0
DA:14,0
DA:15,0
LF:5
LH:0
end_of_record
SF:lib\model\launchpad_model.dart
DA:7,0
DA:13,0
DA:14,0
DA:15,0
DA:16,0
DA:17,0
LF:6
LH:0
end_of_record
SF:lib\model\rocket_model.dart
DA:6,0
DA:13,0
DA:14,0
DA:15,0
DA:16,0
DA:17,0
LF:6
LH:0
end_of_record
